<?xml version="1.0" encoding="UTF-8"?>
<!-- Generated by org.testng.reporters.JUnitXMLReporter -->
<testsuite ignored="0" hostname="DESKTOP-QT9BPKR" failures="0" tests="3" name="Default test" time="20.617" errors="0" timestamp="2023-09-03T21:08:54 IST">
  <testcase classname="testng_annotation.Annotation2" name="geturl" time="3.543"/>
  <testcase classname="testng_annotation.Annotation2" name="geturl" time="3.482"/>
  <testcase classname="testng_annotation.Annotation2" name="getamazonurl" time="4.137"/>
</testsuite> <!-- Default test -->
