<?xml version="1.0" encoding="UTF-8"?>
<!-- Generated by org.testng.reporters.JUnitXMLReporter -->
<testsuite ignored="0" hostname="DESKTOP-QT9BPKR" failures="2" tests="2" name="Test" time="6.325" errors="0" timestamp="2023-09-03T14:36:52 IST">
  <testcase classname="testng_annotation.Annotations" name="fbBrowser" time="0.011">
    <failure type="java.lang.NullPointerException" message="Cannot invoke &amp;quot;org.openqa.selenium.WebDriver.get(String)&amp;quot; because &amp;quot;this.driver&amp;quot; is null">
      <![CDATA[java.lang.NullPointerException: Cannot invoke "org.openqa.selenium.WebDriver.get(String)" because "this.driver" is null
at testng_annotation.Annotations.fbBrowser(Annotations.java:32)
at java.base/java.util.ArrayList.forEach(ArrayList.java:1511)
... Removed 25 stack frames]]>
    </failure>
  </testcase> <!-- fbBrowser -->
  <testcase classname="testng_annotation.Annotations" name="fbBrowser" time="0.001">
    <failure type="java.lang.NullPointerException" message="Cannot invoke &amp;quot;org.openqa.selenium.WebDriver.get(String)&amp;quot; because &amp;quot;this.driver&amp;quot; is null">
      <![CDATA[java.lang.NullPointerException: Cannot invoke "org.openqa.selenium.WebDriver.get(String)" because "this.driver" is null
at testng_annotation.Annotations.fbBrowser(Annotations.java:32)
at java.base/java.util.ArrayList.forEach(ArrayList.java:1511)
... Removed 25 stack frames]]>
    </failure>
  </testcase> <!-- fbBrowser -->
</testsuite> <!-- Test -->
