<?xml version="1.0" encoding="UTF-8"?>
<testng-results ignored="0" total="3" passed="3" failed="0" skipped="0">
  <reporter-output>
  </reporter-output>
  <suite started-at="2023-09-03T21:08:33 IST" name="Default suite" finished-at="2023-09-03T21:08:54 IST" duration-ms="20617">
    <groups>
    </groups>
    <test started-at="2023-09-03T21:08:33 IST" name="Default test" finished-at="2023-09-03T21:08:54 IST" duration-ms="20617">
      <class name="testng_annotation.Annotation2">
        <test-method is-config="true" signature="openingbrowser()[pri:0, instance:testng_annotation.Annotation2@35cabb2a]" started-at="2023-09-03T21:08:33 IST" name="openingbrowser" finished-at="2023-09-03T21:08:36 IST" duration-ms="3212" status="PASS">
          <reporter-output>
          </reporter-output>
        </test-method> <!-- openingbrowser -->
        <test-method signature="geturl()[pri:0, instance:testng_annotation.Annotation2@35cabb2a]" started-at="2023-09-03T21:08:36 IST" name="geturl" finished-at="2023-09-03T21:08:40 IST" duration-ms="3543" status="PASS">
          <reporter-output>
          </reporter-output>
        </test-method> <!-- geturl -->
        <test-method is-config="true" signature="closeing()[pri:0, instance:testng_annotation.Annotation2@35cabb2a]" started-at="2023-09-03T21:08:40 IST" name="closeing" finished-at="2023-09-03T21:08:40 IST" duration-ms="192" status="PASS">
          <reporter-output>
          </reporter-output>
        </test-method> <!-- closeing -->
        <test-method is-config="true" signature="openingbrowser()[pri:0, instance:testng_annotation.Annotation2@35cabb2a]" started-at="2023-09-03T21:08:40 IST" name="openingbrowser" finished-at="2023-09-03T21:08:43 IST" duration-ms="2814" status="PASS">
          <reporter-output>
          </reporter-output>
        </test-method> <!-- openingbrowser -->
        <test-method signature="geturl()[pri:0, instance:testng_annotation.Annotation2@35cabb2a]" started-at="2023-09-03T21:08:43 IST" name="geturl" finished-at="2023-09-03T21:08:46 IST" duration-ms="3482" status="PASS">
          <reporter-output>
          </reporter-output>
        </test-method> <!-- geturl -->
        <test-method is-config="true" signature="closeing()[pri:0, instance:testng_annotation.Annotation2@35cabb2a]" started-at="2023-09-03T21:08:46 IST" name="closeing" finished-at="2023-09-03T21:08:46 IST" duration-ms="173" status="PASS">
          <reporter-output>
          </reporter-output>
        </test-method> <!-- closeing -->
        <test-method is-config="true" signature="openingbrowser()[pri:0, instance:testng_annotation.Annotation2@35cabb2a]" started-at="2023-09-03T21:08:46 IST" name="openingbrowser" finished-at="2023-09-03T21:08:49 IST" duration-ms="2818" status="PASS">
          <reporter-output>
          </reporter-output>
        </test-method> <!-- openingbrowser -->
        <test-method signature="getamazonurl()[pri:2, instance:testng_annotation.Annotation2@35cabb2a]" started-at="2023-09-03T21:08:49 IST" name="getamazonurl" finished-at="2023-09-03T21:08:53 IST" duration-ms="4137" status="PASS">
          <reporter-output>
          </reporter-output>
        </test-method> <!-- getamazonurl -->
        <test-method is-config="true" signature="closeing()[pri:0, instance:testng_annotation.Annotation2@35cabb2a]" started-at="2023-09-03T21:08:53 IST" name="closeing" finished-at="2023-09-03T21:08:54 IST" duration-ms="170" status="PASS">
          <reporter-output>
          </reporter-output>
        </test-method> <!-- closeing -->
      </class> <!-- testng_annotation.Annotation2 -->
    </test> <!-- Default test -->
  </suite> <!-- Default suite -->
</testng-results>
